<?xml version="1.0" encoding="UTF-8"?>
<!-- Generated by org.testng.reporters.JUnitReportReporter -->
<testsuite hostname="Nuvobook_V1" failures="0" tests="1" name="com.TestPages.HotelTest" time="17.415" errors="0" timestamp="2024-08-19T18:16:18 IST" skipped="0">
  <testcase classname="com.TestPages.HotelTest" name="validate_5_Star_Rating" time="17.415"/>
</testsuite> <!-- com.TestPages.HotelTest -->
